<?xml version="1.0" encoding="UTF-8"?>
<!-- Generated by org.testng.reporters.JUnitReportReporter -->
<testsuite hostname="CLASS-CP2190" name="eleks.AppTest" tests="1" failures="0" timestamp="13 Jun 2017 15:38:30 GMT" time="0.000" errors="0">
  <testcase name="testDivision" time="0.000" classname="eleks.AppTest"/>
</testsuite> <!-- eleks.AppTest -->
